{"logLevel":"debug","message":"multithreading is set to false"}
{"logLevel":"debug","message":"Using reflection to scan dependencies for gauge implementations..."}
SLF4J: No SLF4J providers were found.
SLF4J: Defaulting to no-operation (NOP) logger implementation
SLF4J: See https://www.slf4j.org/codes.html#noProviders for further details.
{"logLevel":"debug","message":"gauge-java took 3141milliseconds to load and scan. This should be less than 'runner_connection_timeout' config value."}
{"logLevel":"debug","message":"run 'gauge config runner_connection_timeout' and verify that it is < 3141"}
{"logLevel":"debug","message":"starting gRPC server..."}
{"logLevel":"debug","message":"Scanning packages for steps"}
{"logLevel":"debug","message":"Comparing 'StepDef.CommonSteps.implementation1' and 'StepDef.CommonSteps.implementation1'"}
{"logLevel":"debug","message":"Found Click Element ceket in current project scope."}
{"logLevel":"debug","message":"Comparing 'StepDef.SearchPageSteps.scroll' and 'StepDef.SearchPageSteps.scroll'"}
{"logLevel":"debug","message":"Found Find and click the show more button in current project scope."}
{"logLevel":"debug","message":"Comparing 'StepDef.HomePageSteps.close' and 'StepDef.HomePageSteps.close'"}
{"logLevel":"debug","message":"Found Close the cookie pop-up in current project scope."}
{"logLevel":"debug","message":"Comparing 'StepDef.HomePageSteps.search' and 'StepDef.HomePageSteps.search'"}
{"logLevel":"debug","message":"Found Search {} in current project scope."}
{"logLevel":"debug","message":"Comparing 'Pages.CommonDefinitions.navigateUrl' and 'Pages.CommonDefinitions.navigateUrl'"}
{"logLevel":"debug","message":"Found Navigate To {} in current project scope."}
{"logLevel":"debug","message":"Scanning packages for hooks"}
{"logLevel":"debug","message":"Scanned steps (using static parsing + reflections): "}
{"logLevel":"debug","message":"\tSearch {} : public void search(String product)"}
{"logLevel":"debug","message":"\tFind and click the show more button : public void scroll()"}
{"logLevel":"debug","message":"\tNavigate To {} : public void navigateUrl(String key)"}
{"logLevel":"debug","message":"\tClick Element ceket : public void implementation1()"}
{"logLevel":"debug","message":"\tClose the cookie pop-up : public void close()"}
{"logLevel":"debug","message":"started gRPC server on port 53224"}
{"logLevel":"info","message":"Listening on port:53224"}
Starting Microsoft Edge WebDriver 108.0.1462.54 (c2998c8c661724d797c22f48cf555a2bef5029ee) on port 27921
To submit feedback, report a bug, or suggest new features, please visit https://github.com/MicrosoftEdge/EdgeWebDriver

Only local connections are allowed.
Please see https://aka.ms/WebDriverSecurity for suggestions on keeping Microsoft Edge WebDriver safe.

Microsoft Edge WebDriver was started successfully.
Ara 17, 2022 10:29:27 AM org.openqa.selenium.devtools.CdpVersionFinder findNearestMatch
WARNING: Unable to find an exact match for CDP version 108, so returning the closest version found: 107
{"logLevel":"debug","message":"Executing 'Navigate To {}' using 'class Pages.CommonDefinitions.navigateUrl"}
{"logLevel":"debug","message":"Executing 'Close the cookie pop-up' using 'class StepDef.HomePageSteps.close"}
{"logLevel":"debug","message":"Executing 'Search {}' using 'class StepDef.HomePageSteps.search"}
{"logLevel":"debug","message":"Executing 'Find and click the show more button' using 'class StepDef.SearchPageSteps.scroll"}
{"logLevel":"debug","message":"Killing Java runner..."}
{"logLevel":"debug","message":"Stopping execution pool..."}
{"logLevel":"debug","message":"Shutting down grpc server..."}
{"logLevel":"debug","message":"Runner killed gracefully."}
