{"logLevel":"debug","message":"multithreading is set to false"}
{"logLevel":"debug","message":"Using reflection to scan dependencies for gauge implementations..."}
SLF4J: No SLF4J providers were found.
SLF4J: Defaulting to no-operation (NOP) logger implementation
SLF4J: See https://www.slf4j.org/codes.html#noProviders for further details.
{"logLevel":"debug","message":"gauge-java took 3799milliseconds to load and scan. This should be less than 'runner_connection_timeout' config value."}
{"logLevel":"debug","message":"run 'gauge config runner_connection_timeout' and verify that it is < 3799"}
{"logLevel":"debug","message":"starting gRPC server..."}
{"logLevel":"debug","message":"started gRPC server on port 50070"}
{"logLevel":"info","message":"Listening on port:50070"}
{"logLevel":"debug","message":"Scanning packages for steps"}
{"logLevel":"debug","message":"Comparing 'StepDef.CheckoutPageSteps.homePage' and 'StepDef.CheckoutPageSteps.homePage'"}
{"logLevel":"debug","message":"Found Return to home page in current project scope."}
{"logLevel":"debug","message":"Comparing 'StepDef.HomePageSteps.close' and 'StepDef.HomePageSteps.close'"}
{"logLevel":"debug","message":"Found Close the cookie pop-up in current project scope."}
{"logLevel":"debug","message":"Comparing 'StepDef.HomePageSteps.search' and 'StepDef.HomePageSteps.search'"}
{"logLevel":"debug","message":"Found Search {} in current project scope."}
{"logLevel":"debug","message":"Comparing 'StepDef.CartPageSteps.click' and 'StepDef.CartPageSteps.click'"}
{"logLevel":"debug","message":"Found Click the continue button. in current project scope."}
{"logLevel":"debug","message":"Comparing 'StepDef.SearchPageSteps.click' and 'StepDef.SearchPageSteps.click'"}
{"logLevel":"debug","message":"Found Click on the first discounted product in current project scope."}
{"logLevel":"debug","message":"Comparing 'StepDef.HomePageSteps.icon' and 'StepDef.HomePageSteps.icon'"}
{"logLevel":"debug","message":"Found Click my cart icon in current project scope."}
{"logLevel":"debug","message":"Comparing 'StepDef.ProductPageSteps.size' and 'StepDef.ProductPageSteps.size'"}
{"logLevel":"debug","message":"Found Choose random size and add to cart in current project scope."}
{"logLevel":"debug","message":"Comparing 'StepDef.ProductPageSteps.cart' and 'StepDef.ProductPageSteps.cart'"}
{"logLevel":"debug","message":"Found Click the Go to Cart button in the lower right corner. in current project scope."}
{"logLevel":"debug","message":"Comparing 'StepDef.SearchPageSteps.scroll' and 'StepDef.SearchPageSteps.scroll'"}
{"logLevel":"debug","message":"Found Find and click the show more button in current project scope."}
{"logLevel":"debug","message":"Comparing 'StepDef.HomePageSteps.navigateUrl' and 'StepDef.HomePageSteps.navigateUrl'"}
{"logLevel":"debug","message":"Found Navigate To {} in current project scope."}
{"logLevel":"debug","message":"Comparing 'StepDef.CommonSteps.check' and 'StepDef.CommonSteps.check'"}
{"logLevel":"debug","message":"Found Check that the size and price information of the product is correct in the basket. in current project scope."}
{"logLevel":"debug","message":"Comparing 'StepDef.HomePageSteps.remove' and 'StepDef.HomePageSteps.remove'"}
{"logLevel":"debug","message":"Found Remove product from cart in current project scope."}
{"logLevel":"debug","message":"Comparing 'StepDef.LoginPageSteps.login' and 'StepDef.LoginPageSteps.login'"}
{"logLevel":"debug","message":"Found Enter user information and login. in current project scope."}
{"logLevel":"debug","message":"Scanning packages for hooks"}
{"logLevel":"debug","message":"Scanned steps (using static parsing + reflections): "}
{"logLevel":"debug","message":"\tClick on the first discounted product : public void click() throws InterruptedException"}
{"logLevel":"debug","message":"\tClick my cart icon : public void icon()"}
{"logLevel":"debug","message":"\tFind and click the show more button : public void scroll()"}
{"logLevel":"debug","message":"\tRemove product from cart : public void remove()"}
{"logLevel":"debug","message":"\tChoose random size and add to cart : public void size() throws InterruptedException"}
{"logLevel":"debug","message":"\tClose the cookie pop-up : public void close()"}
{"logLevel":"debug","message":"\tEnter user information and login. : public void login() throws InterruptedException"}
{"logLevel":"debug","message":"\tSearch {} : public void search(String product)"}
{"logLevel":"debug","message":"\tClick the continue button. : public void click()"}
{"logLevel":"debug","message":"\tClick the Go to Cart button in the lower right corner. : public void cart()"}
{"logLevel":"debug","message":"\tNavigate To {} : public void navigateUrl(String key)"}
{"logLevel":"debug","message":"\tReturn to home page : public void homePage()"}
{"logLevel":"debug","message":"\tCheck that the size and price information of the product is correct in the basket. : public void check() throws InterruptedException"}
