29-11-2022 13:58:46.020 [Gauge] [INFO] Initializing concepts cache with 0 concepts
29-11-2022 13:58:46.026 [Gauge] [INFO] Initializing specs cache with 1 specs
29-11-2022 13:58:46.027 [Gauge] [DEBUG] Adding specs from C:\Users\kerim\IdeaProjects\OtomasyonOdevi\specs\example.spec
29-11-2022 13:58:46.027 [Gauge] [INFO] Initializing steps cache with 1 steps
29-11-2022 13:58:46.027 [Gauge] [INFO] Gauge daemon initialized and listening on port: 51964
29-11-2022 13:58:46.030 [Gauge] [DEBUG] Watching directory: C:\Users\kerim\IdeaProjects\OtomasyonOdevi\specs
29-11-2022 13:58:46.031 [Gauge] [DEBUG] Found 1 files
29-11-2022 13:58:46.133 [Gauge] [DEBUG] Api Request Received: messageType:GetLanguagePluginLibPathRequest  messageId:5  libPathRequest:{language:"java"}
29-11-2022 13:58:46.136 [Gauge] [DEBUG] Sending API response: messageType:GetLanguagePluginLibPathResponse  messageId:5  libPathResponse:{path:"C:\\Users\\kerim\\AppData\\Roaming\\gauge\\plugins\\java\\0.9.1\\libs"}
29-11-2022 14:00:43.144 [Gauge] [INFO] Initializing concepts cache with 0 concepts
29-11-2022 14:00:43.151 [Gauge] [INFO] Initializing specs cache with 1 specs
29-11-2022 14:00:43.151 [Gauge] [DEBUG] Adding specs from C:\Users\kerim\IdeaProjects\OtomasyonOdevi\specs\example.spec
29-11-2022 14:00:43.151 [Gauge] [INFO] Initializing steps cache with 1 steps
29-11-2022 14:00:43.151 [Gauge] [INFO] Gauge daemon initialized and listening on port: 52040
29-11-2022 14:00:43.152 [Gauge] [DEBUG] Watching directory: C:\Users\kerim\IdeaProjects\OtomasyonOdevi\specs
29-11-2022 14:00:43.153 [Gauge] [DEBUG] Found 1 files
29-11-2022 14:03:21.986 [Gauge] [DEBUG] Api Request Received: messageType:GetStepValueRequest  messageId:4  stepValueRequest:{stepText:"Open the Gauge homepage"}
29-11-2022 14:03:21.986 [Gauge] [DEBUG] Sending API response: messageType:GetStepValueResponse  messageId:4  stepValueResponse:{stepValue:{stepValue:"Open the Gauge homepage"  parameterizedStepValue:"Open the Gauge homepage"}}
29-11-2022 14:03:22.277 [Gauge] [DEBUG] Api Request Received: messageType:GetStepValueRequest  messageId:4  stepValueRequest:{stepText:"Go to Gauge Get Started Page"}
29-11-2022 14:03:22.278 [Gauge] [DEBUG] Sending API response: messageType:GetStepValueResponse  messageId:4  stepValueResponse:{stepValue:{stepValue:"Go to Gauge Get Started Page"  parameterizedStepValue:"Go to Gauge Get Started Page"}}
29-11-2022 14:03:22.278 [Gauge] [DEBUG] Api Request Received: messageType:GetStepValueRequest  messageId:4  stepValueRequest:{stepText:"Ensure installation instructions are available"}
29-11-2022 14:03:22.278 [Gauge] [DEBUG] Sending API response: messageType:GetStepValueResponse  messageId:4  stepValueResponse:{stepValue:{stepValue:"Ensure installation instructions are available"  parameterizedStepValue:"Ensure installation instructions are available"}}
